<?xml version="1.0" encoding="UTF-8"?>
<Site BuildName="(empty)"
	BuildStamp="20240503-0818-Experimental"
	Name="(empty)"
	Generator="ctest-3.26.4-msvc4"
	CompilerName=""
	CompilerVersion=""
	OSName="Windows"
	Hostname="DESKTOP-8EP777T"
	OSRelease=" Personal"
	OSVersion=" (Build 19045)"
	OSPlatform="AMD64"
	Is64Bits="1"
	VendorString="GenuineIntel"
	VendorID="Intel Corporation"
	FamilyID="6"
	ModelID="10"
	ProcessorCacheSize="-1"
	NumberOfLogicalCPU="16"
	NumberOfPhysicalCPU="12"
	TotalVirtualMemory="42554"
	TotalPhysicalMemory="16088"
	LogicalProcessorsPerPhysical="1"
	ProcessorClockFrequency="3110"
	>
	<Testing>
		<StartDateTime>May 03 14:23 [NON-UTF-8-BYTE-0x8C]rodkowoeuropejski czas letni</StartDateTime>
		<StartTestTime>1714739000</StartTestTime>
		<TestList>
			<Test>./test/test_layer</Test>
		</TestList>
		<Test Status="passed">
			<Name>test_layer</Name>
			<Path>./test</Path>
			<FullName>./test/test_layer</FullName>
			<FullCommandLine>C:\Users\kaczok\Desktop\neural-network\project\build\test\Debug\NueralNetTest.exe "--gtest_filter=test_layer:*"</FullCommandLine>
			<Results>
				<NamedMeasurement type="numeric/double" name="Execution Time">
					<Value>0.0126999</Value>
				</NamedMeasurement>
				<NamedMeasurement type="numeric/double" name="Processors">
					<Value>1</Value>
				</NamedMeasurement>
				<NamedMeasurement type="text/string" name="Completion Status">
					<Value>Completed</Value>
				</NamedMeasurement>
				<NamedMeasurement type="text/string" name="Command Line">
					<Value>C:\Users\kaczok\Desktop\neural-network\project\build\test\Debug\NueralNetTest.exe "--gtest_filter=test_layer:*"</Value>
				</NamedMeasurement>
				<NamedMeasurement type="text/string" name="Environment">
					<Value>#CTEST_RESOURCE_GROUP_COUNT=</Value>
				</NamedMeasurement>
				<Measurement>
					<Value encoding="base64" compression="gzip">eJyNk99v2jAQx9/zV9wjTCKCtntB6kPFBpq60YlC90DQ5DpH4uH4Ivtcxv76OknF+NGw3Usc3+e+/ursm3ljlMmgEMp0urC2VMBomCwcWpdshPxDm+QTug1TmRj0VuieQd6S3SSlpV8oOcmIMo2M7mjprEyyavWzko6ljKbEOIRJjcA8ZGCtNKOFW6g5LXZohx+i5e0+VjB78zfo15BrHN7UP+C8Ct84Wvb2sYKJpmehGwDNi7JkCjQBRu758gQeNFwteqe3Yufm1mNlLlrCbDGFOlYnufgAauLhvh2CTh8K1/3fgxscmFjobtReNSLHY28kKzLnhk+z8Uho6bVg/Pb4+dj2RRQ6g8vmT6uhc9Vq//rwDqfhNb3n/O9+/Ih8Z9IJ8oPn0vOT0MfOL6L7treIjxHTMdmtsGmr6gHzL7lFmYaOfTHh8B+ospxdq+o5+u4TaenWpffx8bDkazVP5/3db8ffvcvjOEzEPFcOSmEZaA2cY3O9VHcStsKBxYJeMAWnjERQYbB+y9Aa18C5RZeTTqvqQf/qBp531ViuoldqoGee====</Value>
				</Measurement>
			</Results>
		</Test>
		<EndDateTime>May 03 14:23 [NON-UTF-8-BYTE-0x8C]rodkowoeuropejski czas letni</EndDateTime>
		<EndTestTime>1714739000</EndTestTime>
		<ElapsedMinutes>0</ElapsedMinutes>
	</Testing>
</Site>
